[debug] [2025-11-01T00:33:47.732Z] > command requires scopes: ["email","openid","https://www.googleapis.com/auth/cloudplatformprojects.readonly","https://www.googleapis.com/auth/firebase","https://www.googleapis.com/auth/cloud-platform"]
[debug] [2025-11-01T00:33:47.734Z] > authorizing via signed-in user (pablollorens@gmail.com)
[debug] [2025-11-01T00:33:47.735Z] > command requires scopes: ["email","openid","https://www.googleapis.com/auth/cloudplatformprojects.readonly","https://www.googleapis.com/auth/firebase","https://www.googleapis.com/auth/cloud-platform"]
[debug] [2025-11-01T00:33:47.735Z] > authorizing via signed-in user (pablollorens@gmail.com)
[debug] [2025-11-01T00:33:47.834Z] Checked if tokens are valid: false, expires at: 1761956406100
[debug] [2025-11-01T00:33:47.835Z] Checked if tokens are valid: false, expires at: 1761956406100
[debug] [2025-11-01T00:33:47.835Z] > refreshing access token with scopes: []
[debug] [2025-11-01T00:33:47.839Z] >>> [apiv2][query] POST https://www.googleapis.com/oauth2/v3/token [none]
[debug] [2025-11-01T00:33:47.839Z] >>> [apiv2][body] POST https://www.googleapis.com/oauth2/v3/token [omitted]
[debug] [2025-11-01T00:33:47.877Z] Checked if tokens are valid: false, expires at: 1761956406100
[debug] [2025-11-01T00:33:47.877Z] Checked if tokens are valid: false, expires at: 1761956406100
[debug] [2025-11-01T00:33:47.877Z] > refreshing access token with scopes: []
[debug] [2025-11-01T00:33:47.878Z] >>> [apiv2][query] POST https://www.googleapis.com/oauth2/v3/token [none]
[debug] [2025-11-01T00:33:47.878Z] >>> [apiv2][body] POST https://www.googleapis.com/oauth2/v3/token [omitted]
[debug] [2025-11-01T00:33:47.887Z] Checked if tokens are valid: false, expires at: 1761956406100
[debug] [2025-11-01T00:33:47.887Z] Checked if tokens are valid: false, expires at: 1761956406100
[debug] [2025-11-01T00:33:47.887Z] > refreshing access token with scopes: []
[debug] [2025-11-01T00:33:47.887Z] >>> [apiv2][query] POST https://www.googleapis.com/oauth2/v3/token [none]
[debug] [2025-11-01T00:33:47.887Z] >>> [apiv2][body] POST https://www.googleapis.com/oauth2/v3/token [omitted]
[debug] [2025-11-01T00:33:47.889Z] Checked if tokens are valid: false, expires at: 1761956406100
[debug] [2025-11-01T00:33:47.889Z] Checked if tokens are valid: false, expires at: 1761956406100
[debug] [2025-11-01T00:33:47.889Z] > refreshing access token with scopes: []
[debug] [2025-11-01T00:33:47.890Z] >>> [apiv2][query] POST https://www.googleapis.com/oauth2/v3/token [none]
[debug] [2025-11-01T00:33:47.890Z] >>> [apiv2][body] POST https://www.googleapis.com/oauth2/v3/token [omitted]
[debug] [2025-11-01T00:33:47.894Z] Checked if tokens are valid: false, expires at: 1761956406100
[debug] [2025-11-01T00:33:47.894Z] Checked if tokens are valid: false, expires at: 1761956406100
[debug] [2025-11-01T00:33:47.894Z] > refreshing access token with scopes: []
[debug] [2025-11-01T00:33:47.895Z] >>> [apiv2][query] POST https://www.googleapis.com/oauth2/v3/token [none]
[debug] [2025-11-01T00:33:47.895Z] >>> [apiv2][body] POST https://www.googleapis.com/oauth2/v3/token [omitted]
[debug] [2025-11-01T00:33:47.896Z] Checked if tokens are valid: false, expires at: 1761956406100
[debug] [2025-11-01T00:33:47.896Z] Checked if tokens are valid: false, expires at: 1761956406100
[debug] [2025-11-01T00:33:47.896Z] > refreshing access token with scopes: []
[debug] [2025-11-01T00:33:47.896Z] >>> [apiv2][query] POST https://www.googleapis.com/oauth2/v3/token [none]
[debug] [2025-11-01T00:33:47.896Z] >>> [apiv2][body] POST https://www.googleapis.com/oauth2/v3/token [omitted]
[debug] [2025-11-01T00:33:47.899Z] Checked if tokens are valid: false, expires at: 1761956406100
[debug] [2025-11-01T00:33:47.899Z] Checked if tokens are valid: false, expires at: 1761956406100
[debug] [2025-11-01T00:33:47.899Z] > refreshing access token with scopes: []
[debug] [2025-11-01T00:33:47.900Z] >>> [apiv2][query] POST https://www.googleapis.com/oauth2/v3/token [none]
[debug] [2025-11-01T00:33:47.900Z] >>> [apiv2][body] POST https://www.googleapis.com/oauth2/v3/token [omitted]
[debug] [2025-11-01T00:33:47.901Z] Checked if tokens are valid: false, expires at: 1761956406100
[debug] [2025-11-01T00:33:47.901Z] Checked if tokens are valid: false, expires at: 1761956406100
[debug] [2025-11-01T00:33:47.901Z] > refreshing access token with scopes: []
[debug] [2025-11-01T00:33:47.901Z] >>> [apiv2][query] POST https://www.googleapis.com/oauth2/v3/token [none]
[debug] [2025-11-01T00:33:47.901Z] >>> [apiv2][body] POST https://www.googleapis.com/oauth2/v3/token [omitted]
[debug] [2025-11-01T00:33:47.902Z] > command requires scopes: ["email","openid","https://www.googleapis.com/auth/cloudplatformprojects.readonly","https://www.googleapis.com/auth/firebase","https://www.googleapis.com/auth/cloud-platform"]
[debug] [2025-11-01T00:33:47.902Z] > authorizing via signed-in user (pablollorens@gmail.com)
[debug] [2025-11-01T00:33:47.902Z] Checked if tokens are valid: false, expires at: 1761956406100
[debug] [2025-11-01T00:33:47.903Z] Checked if tokens are valid: false, expires at: 1761956406100
[debug] [2025-11-01T00:33:47.903Z] > refreshing access token with scopes: []
[debug] [2025-11-01T00:33:47.903Z] >>> [apiv2][query] POST https://www.googleapis.com/oauth2/v3/token [none]
[debug] [2025-11-01T00:33:47.903Z] >>> [apiv2][body] POST https://www.googleapis.com/oauth2/v3/token [omitted]
[debug] [2025-11-01T00:33:47.905Z] Checked if tokens are valid: false, expires at: 1761956406100
[debug] [2025-11-01T00:33:47.905Z] Checked if tokens are valid: false, expires at: 1761956406100
[debug] [2025-11-01T00:33:47.905Z] > refreshing access token with scopes: []
[debug] [2025-11-01T00:33:47.905Z] >>> [apiv2][query] POST https://www.googleapis.com/oauth2/v3/token [none]
[debug] [2025-11-01T00:33:47.905Z] >>> [apiv2][body] POST https://www.googleapis.com/oauth2/v3/token [omitted]
[debug] [2025-11-01T00:33:47.908Z] Checked if tokens are valid: false, expires at: 1761956406100
[debug] [2025-11-01T00:33:47.908Z] Checked if tokens are valid: false, expires at: 1761956406100
[debug] [2025-11-01T00:33:47.908Z] > refreshing access token with scopes: []
[debug] [2025-11-01T00:33:47.908Z] >>> [apiv2][query] POST https://www.googleapis.com/oauth2/v3/token [none]
[debug] [2025-11-01T00:33:47.908Z] >>> [apiv2][body] POST https://www.googleapis.com/oauth2/v3/token [omitted]
[debug] [2025-11-01T00:33:47.909Z] Checked if tokens are valid: false, expires at: 1761956406100
[debug] [2025-11-01T00:33:47.909Z] Checked if tokens are valid: false, expires at: 1761956406100
[debug] [2025-11-01T00:33:47.909Z] > refreshing access token with scopes: []
[debug] [2025-11-01T00:33:47.909Z] >>> [apiv2][query] POST https://www.googleapis.com/oauth2/v3/token [none]
[debug] [2025-11-01T00:33:47.909Z] >>> [apiv2][body] POST https://www.googleapis.com/oauth2/v3/token [omitted]
[debug] [2025-11-01T00:33:48.034Z] <<< [apiv2][status] POST https://www.googleapis.com/oauth2/v3/token 200
[debug] [2025-11-01T00:33:48.034Z] <<< [apiv2][body] POST https://www.googleapis.com/oauth2/v3/token [omitted]
[debug] [2025-11-01T00:33:48.052Z] >>> [apiv2][query] GET https://serviceusage.googleapis.com/v1/projects/table-tennis-tracker-edd77/services/firebaseapphosting.googleapis.com [none]
[debug] [2025-11-01T00:33:48.053Z] >>> [apiv2][(partial)header] GET https://serviceusage.googleapis.com/v1/projects/table-tennis-tracker-edd77/services/firebaseapphosting.googleapis.com x-goog-quota-user=projects/table-tennis-tracker-edd77
[debug] [2025-11-01T00:33:48.059Z] <<< [apiv2][status] POST https://www.googleapis.com/oauth2/v3/token 200
[debug] [2025-11-01T00:33:48.059Z] <<< [apiv2][body] POST https://www.googleapis.com/oauth2/v3/token [omitted]
[debug] [2025-11-01T00:33:48.065Z] >>> [apiv2][query] GET https://serviceusage.googleapis.com/v1/projects/table-tennis-tracker-edd77/services/firebaseio.com [none]
[debug] [2025-11-01T00:33:48.065Z] >>> [apiv2][(partial)header] GET https://serviceusage.googleapis.com/v1/projects/table-tennis-tracker-edd77/services/firebaseio.com x-goog-quota-user=projects/table-tennis-tracker-edd77
[debug] [2025-11-01T00:33:48.070Z] <<< [apiv2][status] POST https://www.googleapis.com/oauth2/v3/token 200
[debug] [2025-11-01T00:33:48.071Z] <<< [apiv2][body] POST https://www.googleapis.com/oauth2/v3/token [omitted]
[debug] [2025-11-01T00:33:48.080Z] >>> [apiv2][query] GET https://serviceusage.googleapis.com/v1/projects/table-tennis-tracker-edd77/services/firebaseapphosting.googleapis.com [none]
[debug] [2025-11-01T00:33:48.080Z] >>> [apiv2][(partial)header] GET https://serviceusage.googleapis.com/v1/projects/table-tennis-tracker-edd77/services/firebaseapphosting.googleapis.com x-goog-quota-user=projects/table-tennis-tracker-edd77
[debug] [2025-11-01T00:33:48.082Z] <<< [apiv2][status] POST https://www.googleapis.com/oauth2/v3/token 200
[debug] [2025-11-01T00:33:48.082Z] <<< [apiv2][body] POST https://www.googleapis.com/oauth2/v3/token [omitted]
[debug] [2025-11-01T00:33:48.091Z] >>> [apiv2][query] GET https://serviceusage.googleapis.com/v1/projects/table-tennis-tracker-edd77/services/firebasedataconnect.googleapis.com [none]
[debug] [2025-11-01T00:33:48.091Z] >>> [apiv2][(partial)header] GET https://serviceusage.googleapis.com/v1/projects/table-tennis-tracker-edd77/services/firebasedataconnect.googleapis.com x-goog-quota-user=projects/table-tennis-tracker-edd77
[debug] [2025-11-01T00:33:48.093Z] <<< [apiv2][status] POST https://www.googleapis.com/oauth2/v3/token 200
[debug] [2025-11-01T00:33:48.093Z] <<< [apiv2][body] POST https://www.googleapis.com/oauth2/v3/token [omitted]
[debug] [2025-11-01T00:33:48.099Z] >>> [apiv2][query] GET https://serviceusage.googleapis.com/v1/projects/table-tennis-tracker-edd77/services/firebaseapphosting.googleapis.com [none]
[debug] [2025-11-01T00:33:48.100Z] >>> [apiv2][(partial)header] GET https://serviceusage.googleapis.com/v1/projects/table-tennis-tracker-edd77/services/firebaseapphosting.googleapis.com x-goog-quota-user=projects/table-tennis-tracker-edd77
[debug] [2025-11-01T00:33:48.105Z] <<< [apiv2][status] POST https://www.googleapis.com/oauth2/v3/token 200
[debug] [2025-11-01T00:33:48.105Z] <<< [apiv2][body] POST https://www.googleapis.com/oauth2/v3/token [omitted]
[debug] [2025-11-01T00:33:48.111Z] >>> [apiv2][query] GET https://serviceusage.googleapis.com/v1/projects/table-tennis-tracker-edd77/services/firebaseio.com [none]
[debug] [2025-11-01T00:33:48.111Z] >>> [apiv2][(partial)header] GET https://serviceusage.googleapis.com/v1/projects/table-tennis-tracker-edd77/services/firebaseio.com x-goog-quota-user=projects/table-tennis-tracker-edd77
[debug] [2025-11-01T00:33:48.112Z] <<< [apiv2][status] POST https://www.googleapis.com/oauth2/v3/token 200
[debug] [2025-11-01T00:33:48.113Z] <<< [apiv2][body] POST https://www.googleapis.com/oauth2/v3/token [omitted]
[debug] [2025-11-01T00:33:48.120Z] >>> [apiv2][query] GET https://serviceusage.googleapis.com/v1/projects/table-tennis-tracker-edd77/services/cloudfunctions.googleapis.com [none]
[debug] [2025-11-01T00:33:48.120Z] >>> [apiv2][(partial)header] GET https://serviceusage.googleapis.com/v1/projects/table-tennis-tracker-edd77/services/cloudfunctions.googleapis.com x-goog-quota-user=projects/table-tennis-tracker-edd77
[debug] [2025-11-01T00:33:48.127Z] <<< [apiv2][status] POST https://www.googleapis.com/oauth2/v3/token 200
[debug] [2025-11-01T00:33:48.127Z] <<< [apiv2][body] POST https://www.googleapis.com/oauth2/v3/token [omitted]
[debug] [2025-11-01T00:33:48.133Z] >>> [apiv2][query] GET https://serviceusage.googleapis.com/v1/projects/table-tennis-tracker-edd77/services/firebaseio.com [none]
[debug] [2025-11-01T00:33:48.133Z] >>> [apiv2][(partial)header] GET https://serviceusage.googleapis.com/v1/projects/table-tennis-tracker-edd77/services/firebaseio.com x-goog-quota-user=projects/table-tennis-tracker-edd77
[debug] [2025-11-01T00:33:48.135Z] <<< [apiv2][status] POST https://www.googleapis.com/oauth2/v3/token 200
[debug] [2025-11-01T00:33:48.135Z] <<< [apiv2][body] POST https://www.googleapis.com/oauth2/v3/token [omitted]
[debug] [2025-11-01T00:33:48.142Z] >>> [apiv2][query] GET https://serviceusage.googleapis.com/v1/projects/table-tennis-tracker-edd77/services/firebasedataconnect.googleapis.com [none]
[debug] [2025-11-01T00:33:48.142Z] >>> [apiv2][(partial)header] GET https://serviceusage.googleapis.com/v1/projects/table-tennis-tracker-edd77/services/firebasedataconnect.googleapis.com x-goog-quota-user=projects/table-tennis-tracker-edd77
[debug] [2025-11-01T00:33:48.143Z] <<< [apiv2][status] POST https://www.googleapis.com/oauth2/v3/token 200
[debug] [2025-11-01T00:33:48.143Z] <<< [apiv2][body] POST https://www.googleapis.com/oauth2/v3/token [omitted]
[debug] [2025-11-01T00:33:48.149Z] >>> [apiv2][query] GET https://serviceusage.googleapis.com/v1/projects/table-tennis-tracker-edd77/services/firebasedataconnect.googleapis.com [none]
[debug] [2025-11-01T00:33:48.149Z] >>> [apiv2][(partial)header] GET https://serviceusage.googleapis.com/v1/projects/table-tennis-tracker-edd77/services/firebasedataconnect.googleapis.com x-goog-quota-user=projects/table-tennis-tracker-edd77
[debug] [2025-11-01T00:33:48.155Z] <<< [apiv2][status] POST https://www.googleapis.com/oauth2/v3/token 200
[debug] [2025-11-01T00:33:48.155Z] <<< [apiv2][body] POST https://www.googleapis.com/oauth2/v3/token [omitted]
[debug] [2025-11-01T00:33:48.161Z] >>> [apiv2][query] GET https://serviceusage.googleapis.com/v1/projects/table-tennis-tracker-edd77/services/cloudfunctions.googleapis.com [none]
[debug] [2025-11-01T00:33:48.161Z] >>> [apiv2][(partial)header] GET https://serviceusage.googleapis.com/v1/projects/table-tennis-tracker-edd77/services/cloudfunctions.googleapis.com x-goog-quota-user=projects/table-tennis-tracker-edd77
[debug] [2025-11-01T00:33:48.169Z] <<< [apiv2][status] POST https://www.googleapis.com/oauth2/v3/token 200
[debug] [2025-11-01T00:33:48.169Z] <<< [apiv2][body] POST https://www.googleapis.com/oauth2/v3/token [omitted]
[debug] [2025-11-01T00:33:48.179Z] >>> [apiv2][query] GET https://serviceusage.googleapis.com/v1/projects/table-tennis-tracker-edd77/services/cloudfunctions.googleapis.com [none]
[debug] [2025-11-01T00:33:48.179Z] >>> [apiv2][(partial)header] GET https://serviceusage.googleapis.com/v1/projects/table-tennis-tracker-edd77/services/cloudfunctions.googleapis.com x-goog-quota-user=projects/table-tennis-tracker-edd77
[debug] [2025-11-01T00:33:48.810Z] <<< [apiv2][status] GET https://serviceusage.googleapis.com/v1/projects/table-tennis-tracker-edd77/services/firebaseio.com 403
[debug] [2025-11-01T00:33:48.811Z] <<< [apiv2][body] GET https://serviceusage.googleapis.com/v1/projects/table-tennis-tracker-edd77/services/firebaseio.com [omitted]
[debug] [2025-11-01T00:33:48.840Z] <<< [apiv2][status] GET https://serviceusage.googleapis.com/v1/projects/table-tennis-tracker-edd77/services/firebaseio.com 403
[debug] [2025-11-01T00:33:48.840Z] <<< [apiv2][body] GET https://serviceusage.googleapis.com/v1/projects/table-tennis-tracker-edd77/services/firebaseio.com [omitted]
[debug] [2025-11-01T00:33:48.948Z] <<< [apiv2][status] GET https://serviceusage.googleapis.com/v1/projects/table-tennis-tracker-edd77/services/firebaseapphosting.googleapis.com 200
[debug] [2025-11-01T00:33:48.948Z] <<< [apiv2][body] GET https://serviceusage.googleapis.com/v1/projects/table-tennis-tracker-edd77/services/firebaseapphosting.googleapis.com [omitted]
[debug] [2025-11-01T00:33:48.949Z] <<< [apiv2][status] GET https://serviceusage.googleapis.com/v1/projects/table-tennis-tracker-edd77/services/firebaseapphosting.googleapis.com 200
[debug] [2025-11-01T00:33:48.949Z] <<< [apiv2][body] GET https://serviceusage.googleapis.com/v1/projects/table-tennis-tracker-edd77/services/firebaseapphosting.googleapis.com [omitted]
[debug] [2025-11-01T00:33:48.953Z] <<< [apiv2][status] GET https://serviceusage.googleapis.com/v1/projects/table-tennis-tracker-edd77/services/firebasedataconnect.googleapis.com 200
[debug] [2025-11-01T00:33:48.954Z] <<< [apiv2][body] GET https://serviceusage.googleapis.com/v1/projects/table-tennis-tracker-edd77/services/firebasedataconnect.googleapis.com [omitted]
[debug] [2025-11-01T00:33:48.954Z] <<< [apiv2][status] GET https://serviceusage.googleapis.com/v1/projects/table-tennis-tracker-edd77/services/cloudfunctions.googleapis.com 200
[debug] [2025-11-01T00:33:48.954Z] <<< [apiv2][body] GET https://serviceusage.googleapis.com/v1/projects/table-tennis-tracker-edd77/services/cloudfunctions.googleapis.com [omitted]
[debug] [2025-11-01T00:33:49.433Z] <<< [apiv2][status] GET https://serviceusage.googleapis.com/v1/projects/table-tennis-tracker-edd77/services/firebaseio.com 403
[debug] [2025-11-01T00:33:49.433Z] <<< [apiv2][body] GET https://serviceusage.googleapis.com/v1/projects/table-tennis-tracker-edd77/services/firebaseio.com [omitted]
[debug] [2025-11-01T00:33:49.731Z] <<< [apiv2][status] GET https://serviceusage.googleapis.com/v1/projects/table-tennis-tracker-edd77/services/firebaseapphosting.googleapis.com 200
[debug] [2025-11-01T00:33:49.731Z] <<< [apiv2][body] GET https://serviceusage.googleapis.com/v1/projects/table-tennis-tracker-edd77/services/firebaseapphosting.googleapis.com [omitted]
[debug] [2025-11-01T00:33:49.735Z] <<< [apiv2][status] GET https://serviceusage.googleapis.com/v1/projects/table-tennis-tracker-edd77/services/firebasedataconnect.googleapis.com 200
[debug] [2025-11-01T00:33:49.735Z] <<< [apiv2][body] GET https://serviceusage.googleapis.com/v1/projects/table-tennis-tracker-edd77/services/firebasedataconnect.googleapis.com [omitted]
[debug] [2025-11-01T00:33:49.735Z] <<< [apiv2][status] GET https://serviceusage.googleapis.com/v1/projects/table-tennis-tracker-edd77/services/firebasedataconnect.googleapis.com 200
[debug] [2025-11-01T00:33:49.736Z] <<< [apiv2][body] GET https://serviceusage.googleapis.com/v1/projects/table-tennis-tracker-edd77/services/firebasedataconnect.googleapis.com [omitted]
[debug] [2025-11-01T00:33:49.738Z] > command requires scopes: ["email","openid","https://www.googleapis.com/auth/cloudplatformprojects.readonly","https://www.googleapis.com/auth/firebase","https://www.googleapis.com/auth/cloud-platform"]
[debug] [2025-11-01T00:33:49.738Z] > authorizing via signed-in user (pablollorens@gmail.com)
[debug] [2025-11-01T00:33:49.739Z] > command requires scopes: ["email","openid","https://www.googleapis.com/auth/cloudplatformprojects.readonly","https://www.googleapis.com/auth/firebase","https://www.googleapis.com/auth/cloud-platform"]
[debug] [2025-11-01T00:33:49.740Z] > authorizing via signed-in user (pablollorens@gmail.com)
[debug] [2025-11-01T00:33:49.751Z] <<< [apiv2][status] GET https://serviceusage.googleapis.com/v1/projects/table-tennis-tracker-edd77/services/cloudfunctions.googleapis.com 200
[debug] [2025-11-01T00:33:49.752Z] <<< [apiv2][body] GET https://serviceusage.googleapis.com/v1/projects/table-tennis-tracker-edd77/services/cloudfunctions.googleapis.com [omitted]
[debug] [2025-11-01T00:33:49.753Z] > command requires scopes: ["email","openid","https://www.googleapis.com/auth/cloudplatformprojects.readonly","https://www.googleapis.com/auth/firebase","https://www.googleapis.com/auth/cloud-platform"]
[debug] [2025-11-01T00:33:49.753Z] > authorizing via signed-in user (pablollorens@gmail.com)
[debug] [2025-11-01T00:33:49.754Z] > command requires scopes: ["email","openid","https://www.googleapis.com/auth/cloudplatformprojects.readonly","https://www.googleapis.com/auth/firebase","https://www.googleapis.com/auth/cloud-platform"]
[debug] [2025-11-01T00:33:49.754Z] > authorizing via signed-in user (pablollorens@gmail.com)
[debug] [2025-11-01T00:33:49.760Z] <<< [apiv2][status] GET https://serviceusage.googleapis.com/v1/projects/table-tennis-tracker-edd77/services/cloudfunctions.googleapis.com 200
[debug] [2025-11-01T00:33:49.760Z] <<< [apiv2][body] GET https://serviceusage.googleapis.com/v1/projects/table-tennis-tracker-edd77/services/cloudfunctions.googleapis.com [omitted]
